<?xml version="1.0" encoding="UTF-8"?>
<!-- Generated by org.testng.reporters.JUnitReportReporter -->
<testsuite skipped="0" hostname="LAPTOP-RMGJ15MF" name="com.crm.qa.testcases.HomePageTest" tests="3" failures="0" timestamp="01 Dec 2018 03:11:06 GMT" time="40.671" errors="0">
  <testcase name="verifyHomePageTitleTest" time="10.462" classname="com.crm.qa.testcases.HomePageTest"/>
  <testcase name="verifyUserNameTest" time="10.974" classname="com.crm.qa.testcases.HomePageTest"/>
  <testcase name="verifyContactsLinkTest" time="19.235" classname="com.crm.qa.testcases.HomePageTest"/>
</testsuite> <!-- com.crm.qa.testcases.HomePageTest -->
