<?xml version="1.0" encoding="UTF-8"?>
<!-- Generated by org.testng.reporters.JUnitReportReporter -->
<testsuite skipped="0" hostname="LAPTOP-RMGJ15MF" name="com.crm.qa.testcases.LoginPageTest" tests="3" failures="0" timestamp="01 Dec 2018 03:11:06 GMT" time="26.203" errors="0">
  <testcase name="loginPageTitleTest" time="6.322" classname="com.crm.qa.testcases.LoginPageTest"/>
  <testcase name="crmLogoImageTest" time="7.718" classname="com.crm.qa.testcases.LoginPageTest"/>
  <testcase name="loginTest" time="12.163" classname="com.crm.qa.testcases.LoginPageTest"/>
</testsuite> <!-- com.crm.qa.testcases.LoginPageTest -->
