<?xml version="1.0" encoding="UTF-8"?>
<!-- Generated by org.testng.reporters.JUnitReportReporter -->
<testsuite skipped="0" hostname="LAPTOP-RMGJ15MF" name="com.crm.qa.testcases.HomePageTest" tests="3" failures="0" timestamp="01 Dec 2018 06:29:31 GMT" time="32.665" errors="0">
  <testcase name="verifyHomePageTitleTest" time="10.803" classname="com.crm.qa.testcases.HomePageTest"/>
  <testcase name="verifyUserNameTest" time="10.232" classname="com.crm.qa.testcases.HomePageTest"/>
  <testcase name="verifyContactsLinkTest" time="11.630" classname="com.crm.qa.testcases.HomePageTest"/>
</testsuite> <!-- com.crm.qa.testcases.HomePageTest -->
