<?xml version="1.0" encoding="UTF-8"?>
<!-- Generated by org.testng.reporters.JUnitReportReporter -->
<testsuite skipped="0" hostname="LAPTOP-RMGJ15MF" name="com.crm.qa.testcases.ContactsPageTest" tests="6" failures="0" timestamp="01 Dec 2018 06:29:31 GMT" time="84.721" errors="0">
  <testcase name="verifyContactsLabelTest" time="11.974" classname="com.crm.qa.testcases.ContactsPageTest"/>
  <testcase name="selectContactTest" time="11.043" classname="com.crm.qa.testcases.ContactsPageTest"/>
  <testcase name="validateCreateNewContact" time="14.706" classname="com.crm.qa.testcases.ContactsPageTest"/>
  <testcase name="validateCreateNewContact" time="17.141" classname="com.crm.qa.testcases.ContactsPageTest"/>
  <testcase name="validateCreateNewContact" time="14.815" classname="com.crm.qa.testcases.ContactsPageTest"/>
  <testcase name="validateCreateNewContact" time="15.042" classname="com.crm.qa.testcases.ContactsPageTest"/>
</testsuite> <!-- com.crm.qa.testcases.ContactsPageTest -->
