<?xml version="1.0" encoding="UTF-8"?>
<!-- Generated by org.testng.reporters.JUnitReportReporter -->
<testsuite skipped="0" hostname="LAPTOP-RMGJ15MF" name="com.crm.qa.testcases.LoginPageTest" tests="3" failures="0" timestamp="01 Dec 2018 06:29:31 GMT" time="24.862" errors="0">
  <testcase name="loginPageTitleTest" time="6.894" classname="com.crm.qa.testcases.LoginPageTest"/>
  <testcase name="crmLogoImageTest" time="6.947" classname="com.crm.qa.testcases.LoginPageTest"/>
  <testcase name="loginTest" time="11.021" classname="com.crm.qa.testcases.LoginPageTest"/>
</testsuite> <!-- com.crm.qa.testcases.LoginPageTest -->
